Running: C:\Xilinx\13.1\ISE_DS\ISE\bin\nt64\unwrapped\fuse.exe -intstyle ise -incremental -lib unisims_ver -lib unimacro_ver -lib xilinxcorelib_ver -o C:/Users/110L/Desktop/110/Proj/dec_tb_isim_beh.exe -prj C:/Users/110L/Desktop/110/Proj/dec_tb_beh.prj work.dec_tb work.glbl 
ISim O.40d (signature 0xc4ca3437)
Number of CPUs detected in this system: 1
Turning on mult-threading, number of parallel sub-compilation jobs: 0 
Determining compilation order of HDL files
Analyzing Verilog file \"C:/Users/110L/Desktop/110/Proj/decade_ctr.v\" into library work
Analyzing Verilog file \"C:/Users/110L/Desktop/110/Proj/dec_tb.v\" into library work
Analyzing Verilog file \"C:/Xilinx/13.1/ISE_DS/ISE//verilog/src/glbl.v\" into library work
Starting static elaboration
Completed static elaboration
Compiling module jk_ff2
Compiling module jk_ff
Compiling module decade_counter
Compiling module dec_tb
Compiling module glbl
Time Resolution for simulation is 1ps.
Compiled 5 Verilog Units
Built simulation executable C:/Users/110L/Desktop/110/Proj/dec_tb_isim_beh.exe
Fuse Memory Usage: 16104 KB
Fuse CPU Usage: 280 ms
