Command line:
   dec_tb_isim_beh.exe
     -simmode  gui
     -simrunnum  0
     -socket  49187

Fri Feb 19 02:24:47 2021


 Elaboration Time: 0.0625 sec

 Current Memory Usage: 493.834 Meg

 Total Signals          : 39
 Total Nets             : 28
 Total Signal Drivers   : 18
 Total Blocks           : 7
 Total Primitive Blocks : 5
 Total Processes        : 28
 Total Traceable Variables  : 24
 Total Scalar Nets and Variables : 114
Total Line Count : 64

 Total Simulation Time: 0.140625 sec

 Current Memory Usage: 493.834 Meg

Fri Feb 19 02:25:02 2021

